Arguments: 
  C:\Program Files\nodejs\node.exe C:\Users\jqalo\AppData\Roaming\npm\node_modules\yarn\bin\yarn.js add --dev eslint prettier eslint-config-prettier eslint-plugin-prettier eslint-plugin-vue @type-eslint/parser ipt-eslint/eslint-plugin

PATH: 
  C:\Program Files\Python38\Scripts\;C:\Program Files\Python38\;C:\Windows\system32;C:\Windows;C:\Windows\System32\Wbem;C:\Windows\System32\WindowsPowerShell\v1.0\;C:\Windows\System32\OpenSSH\;C:\Program Files (x86)\NVIDIA Corporation\PhysX\Common;C:\Program Files\NVIDIA Corporation\NVIDIA NvDLISR;C:\Program Files\nodejs\;C:\Program Files\Git\cmd;C:\Users\jqalo\AppData\Local\Microsoft\WindowsApps;;D:\vsfile\Microsoft VS Code\bin;C:\Users\jqalo\AppData\Roaming\npm;C:\Program Files\Bandizip\;C:\Program Files\JetBrains\PyCharm Community Edition 2021.1.3\bin;

Yarn version: 
  1.22.10

Node version: 
  14.16.1

Platform: 
  win32 x64

Trace: 
  Error: https://registry.yarnpkg.com/@types%2fnode: ESOCKETTIMEDOUT
      at ClientRequest.<anonymous> (C:\Users\jqalo\AppData\Roaming\npm\node_modules\yarn\lib\cli.js:141289:19)
      at Object.onceWrapper (events.js:421:28)
      at ClientRequest.emit (events.js:315:20)
      at TLSSocket.emitRequestTimeout (_http_client.js:784:9)
      at Object.onceWrapper (events.js:421:28)
      at TLSSocket.emit (events.js:327:22)
      at TLSSocket.Socket._onTimeout (net.js:483:8)
      at listOnTimeout (internal/timers.js:554:17)
      at processTimers (internal/timers.js:497:7)

npm manifest: 
  {
    "name": "vite-demo",
    "version": "0.0.0",
    "scripts": {
      "dev": "vite",
      "build": "vue-tsc --noEmit && vite build",
      "serve": "vite preview"
    },
    "dependencies": {
      "axios": "^0.21.1",
      "element-plus": "^1.0.2-beta.70",
      "vue": "^3.0.5",
      "vue-router": "^4.0.6",
      "vuex": "^4.0.0"
    },
    "devDependencies": {
      "@types/node": "^16.4.13",
      "@vitejs/plugin-vue": "^1.3.0",
      "@vue/compiler-sfc": "^3.0.5",
      "sass": "^1.37.5",
      "typescript": "^4.3.2",
      "vite": "^2.4.4",
      "vite-plugin-style-import": "^1.1.1",
      "vue-tsc": "^0.2.2"
    }
  }

yarn manifest: 
  No manifest

Lockfile: 
  No lockfile
